#
# There is insufficient memory for the Java Runtime Environment to continue.
# Native memory allocation (malloc) failed to allocate 32744 bytes for ChunkPool::allocate
# Possible reasons:
#   The system is out of physical RAM or swap space
#   The process is running with CompressedOops enabled, and the Java Heap may be blocking the growth of the native heap
# Possible solutions:
#   Reduce memory load on the system
#   Increase physical memory or swap space
#   Check if swap backing store is full
#   Decrease Java heap size (-Xmx/-Xms)
#   Decrease number of Java threads
#   Decrease Java thread stack sizes (-Xss)
#   Set larger code cache with -XX:ReservedCodeCacheSize=
#   JVM is running with Unscaled Compressed Oops mode in which the Java heap is
#     placed in the first 4GB address space. The Java Heap base address is the
#     maximum limit for the native heap growth. Please use -XX:HeapBaseMinAddress
#     to set the Java Heap base and to place the Java Heap above 4GB virtual address.
# This output file may be truncated or incomplete.
#
#  Out of Memory Error (./open/src/hotspot/share/memory/arena.cpp:79), pid=24588, tid=17764
#
# JRE version: OpenJDK Runtime Environment (15.0.2+7) (build 15.0.2+7-27)
# Java VM: OpenJDK 64-Bit Server VM (15.0.2+7-27, mixed mode, tiered, compressed oops, g1 gc, windows-amd64)
# No core dump will be written. Minidumps are not enabled by default on client versions of Windows
#

---------------  S U M M A R Y ------------

Command Line: -ea -Dfile.encoding=Cp1252 -XX:+ShowCodeDetailsInExceptionMessages org.testng.remote.RemoteTestNG -serport 64187 -protocol json -d C:\Users\sagar\git\b103demo\test-output C:\Users\sagar\AppData\Local\Temp\testng-eclipse-1273467928\testng-customsuite.xml

Host: Intel(R) Core(TM) i5-8265U CPU @ 1.60GHz, 8 cores, 7G,  Windows 10 , 64 bit Build 22621 (10.0.22621.3672)
Time: Wed Jul 10 07:47:46 2024 India Standard Time elapsed time: 5.595335 seconds (0d 0h 0m 5s)

---------------  T H R E A D  ---------------

Current thread (0x00000118d57f2360):  JavaThread "C2 CompilerThread0" daemon [_thread_in_native, id=17764, stack(0x000000026f300000,0x000000026f400000)]


Current CompileTask:
C2:   5595 2314       4       jdk.internal.loader.URLClassPath::getResource (74 bytes)

Stack: [0x000000026f300000,0x000000026f400000]
Native frames: (J=compiled Java code, j=interpreted, Vv=VM code, C=native code)
V  [jvm.dll+0x62ae9a]
V  [jvm.dll+0x7817a9]
V  [jvm.dll+0x782f03]
V  [jvm.dll+0x783563]
V  [jvm.dll+0x216325]
V  [jvm.dll+0x982cf]
V  [jvm.dll+0x9861c]
V  [jvm.dll+0x534108]
V  [jvm.dll+0x534deb]
V  [jvm.dll+0x5385e6]
V  [jvm.dll+0x539f4f]
V  [jvm.dll+0x539ad9]
V  [jvm.dll+0x5399c0]
V  [jvm.dll+0x539b30]
V  [jvm.dll+0x539b30]
V  [jvm.dll+0x539b30]
V  [jvm.dll+0x5399c0]
V  [jvm.dll+0x541072]
V  [jvm.dll+0x1f2cd4]
V  [jvm.dll+0x1ec588]
V  [jvm.dll+0x1e9867]
V  [jvm.dll+0x178567]
V  [jvm.dll+0x1f9225]
V  [jvm.dll+0x1f72cc]
V  [jvm.dll+0x74495d]
V  [jvm.dll+0x73d75a]
V  [jvm.dll+0x629c56]
C  [ucrtbase.dll+0x29333]
C  [KERNEL32.DLL+0x1257d]
C  [ntdll.dll+0x5af28]


---------------  P R O C E S S  ---------------

Threads class SMR info:
_java_thread_list=0x00000118d869fc50, length=26, elements={
0x00000118b8d74570, 0x00000118d57af020, 0x00000118d57af800, 0x00000118d57e45d0,
0x00000118d57e74b0, 0x00000118d57efe70, 0x00000118d57f2360, 0x00000118d57f2e00,
0x00000118d580fec0, 0x00000118d59842e0, 0x00000118d5985620, 0x00000118d5985150,
0x00000118d5985fc0, 0x00000118d5985af0, 0x00000118d5982ad0, 0x00000118d5983940,
0x00000118d5986490, 0x00000118d5982fa0, 0x00000118d5984c80, 0x00000118d5983470,
0x00000118d5983e10, 0x00000118d59847b0, 0x00000118d744f690, 0x00000118d744ecf0,
0x00000118d744d010, 0x00000118d744d4e0
}

Java Threads: ( => current thread )
  0x00000118b8d74570 JavaThread "main" [_thread_in_Java, id=15956, stack(0x000000026e700000,0x000000026e800000)]
  0x00000118d57af020 JavaThread "Reference Handler" daemon [_thread_blocked, id=23576, stack(0x000000026ee00000,0x000000026ef00000)]
  0x00000118d57af800 JavaThread "Finalizer" daemon [_thread_blocked, id=17932, stack(0x000000026ef00000,0x000000026f000000)]
  0x00000118d57e45d0 JavaThread "Signal Dispatcher" daemon [_thread_blocked, id=17212, stack(0x000000026f000000,0x000000026f100000)]
  0x00000118d57e74b0 JavaThread "Attach Listener" daemon [_thread_blocked, id=1324, stack(0x000000026f100000,0x000000026f200000)]
  0x00000118d57efe70 JavaThread "Service Thread" daemon [_thread_blocked, id=20252, stack(0x000000026f200000,0x000000026f300000)]
=>0x00000118d57f2360 JavaThread "C2 CompilerThread0" daemon [_thread_in_native, id=17764, stack(0x000000026f300000,0x000000026f400000)]
  0x00000118d57f2e00 JavaThread "C1 CompilerThread0" daemon [_thread_blocked, id=24724, stack(0x000000026f400000,0x000000026f500000)]
  0x00000118d580fec0 JavaThread "Sweeper thread" daemon [_thread_blocked, id=27084, stack(0x000000026f500000,0x000000026f600000)]
  0x00000118d59842e0 JavaThread "Notification Thread" daemon [_thread_blocked, id=7040, stack(0x000000026f600000,0x000000026f700000)]
  0x00000118d5985620 JavaThread "Common-Cleaner" daemon [_thread_blocked, id=6932, stack(0x000000026f800000,0x000000026f900000)]
  0x00000118d5985150 JavaThread "ReaderThread" [_thread_in_native, id=9720, stack(0x000000026fa00000,0x000000026fb00000)]
  0x00000118d5985fc0 JavaThread "ForkJoinPool.commonPool-worker-3" daemon [_thread_blocked, id=27276, stack(0x0000000270000000,0x0000000270100000)]
  0x00000118d5985af0 JavaThread "HttpClient-1-SelectorManager" daemon [_thread_in_native, id=21716, stack(0x0000000270400000,0x0000000270500000)]
  0x00000118d5982ad0 JavaThread "External Process Output Forwarder - C:\Users\sagar\.cache\selenium\chromedriver\win64\126.0.6478.126\chromedriver.exe" daemon [_thread_in_native, id=26900, stack(0x0000000270500000,0x0000000270600000)]
  0x00000118d5983940 JavaThread "Driver Service Executor" daemon [_thread_blocked, id=20416, stack(0x0000000270600000,0x0000000270700000)]
  0x00000118d5986490 JavaThread "Driver Service Executor" daemon [_thread_in_native, id=3724, stack(0x0000000270700000,0x0000000270800000)]
  0x00000118d5982fa0 JavaThread "UrlChecker-2" daemon [_thread_blocked, id=7176, stack(0x0000000270800000,0x0000000270900000)]
  0x00000118d5984c80 JavaThread "Keep-Alive-Timer" daemon [_thread_blocked, id=9556, stack(0x0000000270100000,0x0000000270200000)]
  0x00000118d5983470 JavaThread "JdkHttpClient-0-0" daemon [_thread_blocked, id=26688, stack(0x0000000270300000,0x0000000270400000)]
  0x00000118d5983e10 JavaThread "JdkHttpClient-0-1" daemon [_thread_blocked, id=26612, stack(0x0000000270a00000,0x0000000270b00000)]
  0x00000118d59847b0 JavaThread "JdkHttpClient-0-2" daemon [_thread_blocked, id=22064, stack(0x0000000270b00000,0x0000000270c00000)]
  0x00000118d744f690 JavaThread "HttpClient-2-SelectorManager" daemon [_thread_in_native, id=4416, stack(0x0000000270900000,0x0000000270a00000)]
  0x00000118d744ecf0 JavaThread "JdkHttpClient-1-0" daemon [_thread_blocked, id=11276, stack(0x0000000270c00000,0x0000000270d00000)]
  0x00000118d744d010 JavaThread "JdkHttpClient-1-1" daemon [_thread_blocked, id=19088, stack(0x0000000270d00000,0x0000000270e00000)]
  0x00000118d744d4e0 JavaThread "JdkHttpClient-1-2" daemon [_thread_blocked, id=4860, stack(0x0000000270e00000,0x0000000270f00000)]

Other Threads:
  0x00000118d4f53b20 VMThread "VM Thread" [stack: 0x000000026ed00000,0x000000026ee00000] [id=12380]
  0x00000118d59721a0 WatcherThread [stack: 0x000000026f700000,0x000000026f800000] [id=12344]
  0x00000118b8db2de0 GCTaskThread "GC Thread#0" [stack: 0x000000026e800000,0x000000026e900000] [id=25728]
  0x00000118d5aaa040 GCTaskThread "GC Thread#1" [stack: 0x000000026fb00000,0x000000026fc00000] [id=14656]
  0x00000118d5aab9c0 GCTaskThread "GC Thread#2" [stack: 0x000000026fc00000,0x000000026fd00000] [id=10828]
  0x00000118d5aa86c0 GCTaskThread "GC Thread#3" [stack: 0x000000026fd00000,0x000000026fe00000] [id=9540]
  0x00000118b8dc43d0 ConcurrentGCThread "G1 Main Marker" [stack: 0x000000026e900000,0x000000026ea00000] [id=1172]
  0x00000118b8dc6050 ConcurrentGCThread "G1 Conc#0" [stack: 0x000000026ea00000,0x000000026eb00000] [id=14076]
  0x00000118d5aaad00 ConcurrentGCThread "G1 Conc#1" [stack: 0x0000000270200000,0x0000000270300000] [id=2132]
  0x00000118b8e2e3f0 ConcurrentGCThread "G1 Refine#0" [stack: 0x000000026eb00000,0x000000026ec00000] [id=7716]
  0x00000118d6c166b0 ConcurrentGCThread "G1 Refine#1" [stack: 0x000000026fe00000,0x000000026ff00000] [id=12904]
  0x00000118d5a382c0 ConcurrentGCThread "G1 Refine#2" [stack: 0x000000026ff00000,0x0000000270000000] [id=24668]
  0x00000118d4db2210 ConcurrentGCThread "G1 Young RemSet Sampling" [stack: 0x000000026ec00000,0x000000026ed00000] [id=20308]

Threads with active compile tasks:
C2 CompilerThread0     5641 2314       4       jdk.internal.loader.URLClassPath::getResource (74 bytes)

VM state: not at safepoint (normal execution)

VM Mutex/Monitor currently owned by a thread: None

Heap address: 0x0000000082400000, size: 2012 MB, Compressed Oops mode: 32-bit
CDS disabled.
Compressed class space mapped at: 0x0000000100000000-0x0000000140000000, size: 1073741824
Narrow klass base: 0x0000000000000000, Narrow klass shift: 3, Narrow klass range: 0x140000000

GC Precious Log:
 CPUs: 8 total, 8 available
 Memory: 8043M
 Large Page Support: Disabled
 NUMA Support: Disabled
 Compressed Oops: Enabled (32-bit)
 Heap Region Size: 1M
 Heap Min Capacity: 8M
 Heap Initial Capacity: 126M
 Heap Max Capacity: 2012M
 Pre-touch: Disabled
 Parallel Workers: 8
 Concurrent Workers: 2
 Concurrent Refinement Workers: 8
 Periodic GC: Disabled

Heap:
 garbage-first heap   total 38912K, used 12965K [0x0000000082400000, 0x0000000100000000)
  region size 1024K, 7 young (7168K), 4 survivors (4096K)
 Metaspace       used 28802K, capacity 29156K, committed 29440K, reserved 1079296K
  class space    used 3119K, capacity 3224K, committed 3328K, reserved 1048576K

Heap Regions: E=young(eden), S=young(survivor), O=old, HS=humongous(starts), HC=humongous(continues), CS=collection set, F=free, OA=open archive, CA=closed archive, TAMS=top-at-mark-start (previous, next)
|   0|0x0000000082400000, 0x0000000082500000, 0x0000000082500000|100%| O|  |TAMS 0x0000000082500000, 0x0000000082400000| Untracked 
|   1|0x0000000082500000, 0x0000000082600000, 0x0000000082600000|100%| O|  |TAMS 0x0000000082600000, 0x0000000082500000| Untracked 
|   2|0x0000000082600000, 0x0000000082700000, 0x0000000082700000|100%| O|  |TAMS 0x0000000082700000, 0x0000000082600000| Untracked 
|   3|0x0000000082700000, 0x0000000082800000, 0x0000000082800000|100%| O|  |TAMS 0x00000000827f1a00, 0x0000000082700000| Untracked 
|   4|0x0000000082800000, 0x0000000082900000, 0x0000000082900000|100%| O|  |TAMS 0x0000000082800000, 0x0000000082800000| Untracked 
|   5|0x0000000082900000, 0x0000000082a00000, 0x0000000082a00000|100%| O|  |TAMS 0x0000000082900000, 0x0000000082900000| Untracked 
|   6|0x0000000082a00000, 0x0000000082ace000, 0x0000000082b00000| 80%| O|  |TAMS 0x0000000082a00000, 0x0000000082a00000| Untracked 
|   7|0x0000000082b00000, 0x0000000082b00000, 0x0000000082c00000|  0%| F|  |TAMS 0x0000000082b00000, 0x0000000082b00000| Untracked 
|   8|0x0000000082c00000, 0x0000000082c00000, 0x0000000082d00000|  0%| F|  |TAMS 0x0000000082c00000, 0x0000000082c00000| Untracked 
|   9|0x0000000082d00000, 0x0000000082d00000, 0x0000000082e00000|  0%| F|  |TAMS 0x0000000082d00000, 0x0000000082d00000| Untracked 
|  10|0x0000000082e00000, 0x0000000082e00000, 0x0000000082f00000|  0%| F|  |TAMS 0x0000000082e00000, 0x0000000082e00000| Untracked 
|  11|0x0000000082f00000, 0x0000000082f00000, 0x0000000083000000|  0%| F|  |TAMS 0x0000000082f00000, 0x0000000082f00000| Untracked 
|  12|0x0000000083000000, 0x0000000083000000, 0x0000000083100000|  0%| F|  |TAMS 0x0000000083000000, 0x0000000083000000| Untracked 
|  13|0x0000000083100000, 0x0000000083100000, 0x0000000083200000|  0%| F|  |TAMS 0x0000000083100000, 0x0000000083100000| Untracked 
|  14|0x0000000083200000, 0x0000000083200000, 0x0000000083300000|  0%| F|  |TAMS 0x0000000083200000, 0x0000000083200000| Untracked 
|  15|0x0000000083300000, 0x0000000083300000, 0x0000000083400000|  0%| F|  |TAMS 0x0000000083300000, 0x0000000083300000| Untracked 
|  16|0x0000000083400000, 0x0000000083400000, 0x0000000083500000|  0%| F|  |TAMS 0x0000000083400000, 0x0000000083400000| Untracked 
|  17|0x0000000083500000, 0x0000000083500000, 0x0000000083600000|  0%| F|  |TAMS 0x0000000083500000, 0x0000000083500000| Untracked 
|  18|0x0000000083600000, 0x0000000083600000, 0x0000000083700000|  0%| F|  |TAMS 0x0000000083600000, 0x0000000083600000| Untracked 
|  19|0x0000000083700000, 0x0000000083700000, 0x0000000083800000|  0%| F|  |TAMS 0x0000000083700000, 0x0000000083700000| Untracked 
|  20|0x0000000083800000, 0x0000000083800000, 0x0000000083900000|  0%| F|  |TAMS 0x0000000083800000, 0x0000000083800000| Untracked 
|  21|0x0000000083900000, 0x0000000083900000, 0x0000000083a00000|  0%| F|  |TAMS 0x0000000083900000, 0x0000000083900000| Untracked 
|  22|0x0000000083a00000, 0x0000000083a00000, 0x0000000083b00000|  0%| F|  |TAMS 0x0000000083a00000, 0x0000000083a00000| Untracked 
|  23|0x0000000083b00000, 0x0000000083b00000, 0x0000000083c00000|  0%| F|  |TAMS 0x0000000083b00000, 0x0000000083b00000| Untracked 
|  24|0x0000000083c00000, 0x0000000083c00000, 0x0000000083d00000|  0%| F|  |TAMS 0x0000000083c00000, 0x0000000083c00000| Untracked 
|  25|0x0000000083d00000, 0x0000000083d00000, 0x0000000083e00000|  0%| F|  |TAMS 0x0000000083d00000, 0x0000000083d00000| Untracked 
|  26|0x0000000083e00000, 0x0000000083e00000, 0x0000000083f00000|  0%| F|  |TAMS 0x0000000083e00000, 0x0000000083e00000| Untracked 
|  27|0x0000000083f00000, 0x0000000083f00000, 0x0000000084000000|  0%| F|  |TAMS 0x0000000083f00000, 0x0000000083f00000| Untracked 
|  28|0x0000000084000000, 0x0000000084000000, 0x0000000084100000|  0%| F|  |TAMS 0x0000000084000000, 0x0000000084000000| Untracked 
|  29|0x0000000084100000, 0x0000000084100000, 0x0000000084200000|  0%| F|  |TAMS 0x0000000084100000, 0x0000000084100000| Untracked 
|  30|0x0000000084200000, 0x0000000084200000, 0x0000000084300000|  0%| F|  |TAMS 0x0000000084200000, 0x0000000084200000| Untracked 
|  31|0x0000000084300000, 0x0000000084400000, 0x0000000084400000|100%| S|CS|TAMS 0x0000000084300000, 0x0000000084300000| Complete 
|  32|0x0000000084400000, 0x0000000084500000, 0x0000000084500000|100%| S|CS|TAMS 0x0000000084400000, 0x0000000084400000| Complete 
|  33|0x0000000084500000, 0x0000000084600000, 0x0000000084600000|100%| S|CS|TAMS 0x0000000084500000, 0x0000000084500000| Complete 
|  34|0x0000000084600000, 0x00000000846db408, 0x0000000084700000| 85%| S|CS|TAMS 0x0000000084600000, 0x0000000084600000| Complete 
| 106|0x0000000088e00000, 0x0000000088ea7528, 0x0000000088f00000| 65%| E|  |TAMS 0x0000000088e00000, 0x0000000088e00000| Complete 
| 107|0x0000000088f00000, 0x0000000089000000, 0x0000000089000000|100%| E|CS|TAMS 0x0000000088f00000, 0x0000000088f00000| Complete 
| 125|0x000000008a100000, 0x000000008a200000, 0x000000008a200000|100%| E|CS|TAMS 0x000000008a100000, 0x000000008a100000| Complete 

Card table byte_map: [0x00000118cddb0000,0x00000118ce1a0000] _byte_map_base: 0x00000118cd99e000

Marking Bits (Prev, Next): (CMBitMap*) 0x00000118b8db3690, (CMBitMap*) 0x00000118b8db3650
 Prev Bits: [0x00000118d0500000, 0x00000118d2470000)
 Next Bits: [0x00000118ce590000, 0x00000118d0500000)

Polling page: 0x00000118b8e30000

Metaspace:

Usage:
  Non-class:     25.32 MB capacity,    25.10 MB (>99%) used,   189.96 KB ( <1%) free+waste,    42.56 KB ( <1%) overhead. 
      Class:      3.15 MB capacity,     3.05 MB ( 97%) used,    86.69 KB (  3%) free+waste,    16.00 KB ( <1%) overhead. 
       Both:     28.47 MB capacity,    28.15 MB ( 99%) used,   276.65 KB ( <1%) free+waste,    58.56 KB ( <1%) overhead. 

Virtual space:
  Non-class space:       30.00 MB reserved,      25.50 MB ( 85%) committed 
      Class space:        1.00 GB reserved,       3.25 MB ( <1%) committed 
             Both:        1.03 GB reserved,      28.75 MB (  3%) committed 

Chunk freelists:
   Non-Class:  52.00 KB
       Class:  8.00 KB
        Both:  60.00 KB

MaxMetaspaceSize: 17179869184.00 GB
CompressedClassSpaceSize: 1.00 GB

CodeHeap 'non-profiled nmethods': size=120000Kb used=1008Kb max_used=1008Kb free=118991Kb
 bounds [0x00000118c5a10000, 0x00000118c5c80000, 0x00000118ccf40000]
CodeHeap 'profiled nmethods': size=120000Kb used=4518Kb max_used=4518Kb free=115481Kb
 bounds [0x00000118be4e0000, 0x00000118be950000, 0x00000118c5a10000]
CodeHeap 'non-nmethods': size=5760Kb used=1260Kb max_used=1325Kb free=4499Kb
 bounds [0x00000118bdf40000, 0x00000118be1b0000, 0x00000118be4e0000]
 total_blobs=2902 nmethods=2365 adapters=449
 compilation: enabled
              stopped_count=0, restarted_count=0
 full_count=0

Compilation events (20 events):
Event: 5.438 Thread 0x00000118d57f2e00 nmethod 2312 0x00000118be92a310 code [0x00000118be92a4c0, 0x00000118be92a608]
Event: 5.444 Thread 0x00000118d57f2360 nmethod 2297 0x00000118c5b08f10 code [0x00000118c5b090a0, 0x00000118c5b09358]
Event: 5.444 Thread 0x00000118d57f2360 2300       4       sun.reflect.generics.parser.SignatureParser::advance (53 bytes)
Event: 5.447 Thread 0x00000118d57f2360 nmethod 2300 0x00000118c5b09590 code [0x00000118c5b09700, 0x00000118c5b097b8]
Event: 5.447 Thread 0x00000118d57f2360 2298       4       java.nio.ByteBuffer::limit (8 bytes)
Event: 5.450 Thread 0x00000118d57f2360 nmethod 2298 0x00000118c5b09890 code [0x00000118c5b09a00, 0x00000118c5b09ad8]
Event: 5.478 Thread 0x00000118d57f2360 2313       4       java.lang.String::<init> (10 bytes)
Event: 5.485 Thread 0x00000118d57f2360 nmethod 2313 0x00000118c5b09b90 code [0x00000118c5b09d20, 0x00000118c5b0a138]
Event: 5.494 Thread 0x00000118d57f2360 2314       4       jdk.internal.loader.URLClassPath::getResource (74 bytes)
Event: 5.517 Thread 0x00000118d57f2e00 2315       3       jdk.internal.misc.InnocuousThread::eraseThreadLocals (23 bytes)
Event: 5.517 Thread 0x00000118d57f2e00 nmethod 2315 0x00000118be92a710 code [0x00000118be92a8a0, 0x00000118be92aa78]
Event: 5.517 Thread 0x00000118d57f2e00 2316       3       java.lang.invoke.MethodHandleNatives$CallSiteContext::run (5 bytes)
Event: 5.517 Thread 0x00000118d57f2e00 nmethod 2316 0x00000118be92ab10 code [0x00000118be92acc0, 0x00000118be92ade8]
Event: 5.540 Thread 0x00000118d57f2e00 2319       3       java.lang.invoke.InvokerBytecodeGenerator::isStaticallyNameable (157 bytes)
Event: 5.547 Thread 0x00000118d57f2e00 nmethod 2319 0x00000118be92ae90 code [0x00000118be92b340, 0x00000118be92d5a8]
Event: 5.548 Thread 0x00000118d57f2e00 2320       3       java.lang.invoke.MemberName::getFactory (4 bytes)
Event: 5.549 Thread 0x00000118d57f2e00 nmethod 2320 0x00000118be92df90 code [0x00000118be92e120, 0x00000118be92e218]
Event: 5.549 Thread 0x00000118d57f2e00 2322       3       java.lang.Class::getSimpleName (26 bytes)
Event: 5.549 Thread 0x00000118d57f2e00 nmethod 2322 0x00000118be92e290 code [0x00000118be92e440, 0x00000118be92e658]
Event: 5.558 Thread 0x00000118d57f2e00 2325       3       jdk.internal.org.objectweb.asm.Frame::execute (2305 bytes)

GC Heap History (6 events):
Event: 1.315 GC heap before
{Heap before GC invocations=0 (full 0):
 garbage-first heap   total 129024K, used 22528K [0x0000000082400000, 0x0000000100000000)
  region size 1024K, 23 young (23552K), 0 survivors (0K)
 Metaspace       used 15972K, capacity 16232K, committed 16512K, reserved 1064960K
  class space    used 1551K, capacity 1612K, committed 1664K, reserved 1048576K
}
Event: 1.323 GC heap after
{Heap after GC invocations=1 (full 0):
 garbage-first heap   total 129024K, used 7110K [0x0000000082400000, 0x0000000100000000)
  region size 1024K, 3 young (3072K), 3 survivors (3072K)
 Metaspace       used 15972K, capacity 16232K, committed 16512K, reserved 1064960K
  class space    used 1551K, capacity 1612K, committed 1664K, reserved 1048576K
}
Event: 2.399 GC heap before
{Heap before GC invocations=1 (full 0):
 garbage-first heap   total 129024K, used 23494K [0x0000000082400000, 0x0000000100000000)
  region size 1024K, 21 young (21504K), 3 survivors (3072K)
 Metaspace       used 20956K, capacity 21159K, committed 21248K, reserved 1069056K
  class space    used 2193K, capacity 2253K, committed 2304K, reserved 1048576K
}
Event: 2.404 GC heap after
{Heap after GC invocations=2 (full 0):
 garbage-first heap   total 129024K, used 8229K [0x0000000082400000, 0x0000000100000000)
  region size 1024K, 2 young (2048K), 2 survivors (2048K)
 Metaspace       used 20956K, capacity 21159K, committed 21248K, reserved 1069056K
  class space    used 2193K, capacity 2253K, committed 2304K, reserved 1048576K
}
Event: 5.508 GC heap before
{Heap before GC invocations=3 (full 0):
 garbage-first heap   total 34816K, used 32805K [0x0000000082400000, 0x0000000100000000)
  region size 1024K, 27 young (27648K), 2 survivors (2048K)
 Metaspace       used 28217K, capacity 28534K, committed 28800K, reserved 1075200K
  class space    used 3034K, capacity 3144K, committed 3200K, reserved 1048576K
}
Event: 5.517 GC heap after
{Heap after GC invocations=4 (full 0):
 garbage-first heap   total 38912K, used 10917K [0x0000000082400000, 0x0000000100000000)
  region size 1024K, 4 young (4096K), 4 survivors (4096K)
 Metaspace       used 28217K, capacity 28534K, committed 28800K, reserved 1075200K
  class space    used 3034K, capacity 3144K, committed 3200K, reserved 1048576K
}

Deoptimization events (20 events):
Event: 3.324 Thread 0x00000118b8d74570 Uncommon trap: trap_request=0xffffffde fr.pc=0x00000118c5ac1928 relative=0x00000000000003e8
Event: 3.324 Thread 0x00000118b8d74570 Uncommon trap: reason=class_check action=maybe_recompile pc=0x00000118c5ac1928 method=java.util.HashSet.iterator()Ljava/util/Iterator; @ 4 c2
Event: 3.324 Thread 0x00000118b8d74570 DEOPT PACKING pc=0x00000118c5ac1928 sp=0x000000026e7fbba0
Event: 3.324 Thread 0x00000118b8d74570 DEOPT UNPACKING pc=0x00000118bdf8e42f sp=0x000000026e7fbb70 mode 2
Event: 4.443 Thread 0x00000118b8d74570 Uncommon trap: trap_request=0xffffff45 fr.pc=0x00000118c5a6cbd4 relative=0x0000000000000f34
Event: 4.443 Thread 0x00000118b8d74570 Uncommon trap: reason=unstable_if action=reinterpret pc=0x00000118c5a6cbd4 method=java.util.concurrent.ConcurrentHashMap.putVal(Ljava/lang/Object;Ljava/lang/Object;Z)Ljava/lang/Object; @ 231 c2
Event: 4.443 Thread 0x00000118b8d74570 DEOPT PACKING pc=0x00000118c5a6cbd4 sp=0x000000026e7fd140
Event: 4.443 Thread 0x00000118b8d74570 DEOPT UNPACKING pc=0x00000118bdf8e42f sp=0x000000026e7fd0b0 mode 2
Event: 5.394 Thread 0x00000118b8d74570 Uncommon trap: trap_request=0xffffff45 fr.pc=0x00000118c5a61d1c relative=0x000000000000017c
Event: 5.394 Thread 0x00000118b8d74570 Uncommon trap: reason=unstable_if action=reinterpret pc=0x00000118c5a61d1c method=java.util.concurrent.ConcurrentHashMap.get(Ljava/lang/Object;)Ljava/lang/Object; @ 152 c2
Event: 5.394 Thread 0x00000118b8d74570 DEOPT PACKING pc=0x00000118c5a61d1c sp=0x000000026e7fdee0
Event: 5.394 Thread 0x00000118b8d74570 DEOPT UNPACKING pc=0x00000118bdf8e42f sp=0x000000026e7fde58 mode 2
Event: 5.542 Thread 0x00000118b8d74570 Uncommon trap: trap_request=0xffffffde fr.pc=0x00000118c5b01230 relative=0x0000000000000090
Event: 5.542 Thread 0x00000118b8d74570 Uncommon trap: reason=class_check action=maybe_recompile pc=0x00000118c5b01230 method=java.lang.invoke.MemberName.getMethodType()Ljava/lang/invoke/MethodType; @ 39 c2
Event: 5.542 Thread 0x00000118b8d74570 DEOPT PACKING pc=0x00000118c5b01230 sp=0x000000026e7f9280
Event: 5.542 Thread 0x00000118b8d74570 DEOPT UNPACKING pc=0x00000118bdf8e42f sp=0x000000026e7f91e8 mode 2
Event: 5.558 Thread 0x00000118b8d74570 Uncommon trap: trap_request=0xffffff45 fr.pc=0x00000118c5ad93f8 relative=0x0000000000002d58
Event: 5.558 Thread 0x00000118b8d74570 Uncommon trap: reason=unstable_if action=reinterpret pc=0x00000118c5ad93f8 method=jdk.internal.org.objectweb.asm.Frame.execute(IILjdk/internal/org/objectweb/asm/Symbol;Ljdk/internal/org/objectweb/asm/SymbolTable;)V @ 1 c2
Event: 5.558 Thread 0x00000118b8d74570 DEOPT PACKING pc=0x00000118c5ad93f8 sp=0x000000026e7f8bc0
Event: 5.558 Thread 0x00000118b8d74570 DEOPT UNPACKING pc=0x00000118bdf8e42f sp=0x000000026e7f8b68 mode 2

Classes unloaded (0 events):
No events

Classes redefined (0 events):
No events

Internal exceptions (20 events):
Event: 2.358 Thread 0x00000118b8d74570 Exception <a 'java/lang/NoSuchMethodError'{0x0000000089120390}: 'java.lang.Object java.lang.invoke.DirectMethodHandle$Holder.invokeStaticInit(java.lang.Object, java.lang.Object, int)'> (0x0000000089120390) 
thrown [./open/src/hotspot/share/interpreter/linkResolver.cpp, line 782]
Event: 2.358 Thread 0x00000118b8d74570 Exception <a 'java/lang/NoSuchMethodError'{0x0000000089126dd0}: 'java.lang.Object java.lang.invoke.DirectMethodHandle$Holder.newInvokeSpecial(java.lang.Object, java.lang.Object, int)'> (0x0000000089126dd0) 
thrown [./open/src/hotspot/share/interpreter/linkResolver.cpp, line 782]
Event: 2.361 Thread 0x00000118b8d74570 Exception <a 'java/lang/NoSuchMethodError'{0x0000000089144280}: 'int java.lang.invoke.DirectMethodHandle$Holder.invokeSpecialIFC(java.lang.Object, java.lang.Object, java.lang.Object)'> (0x0000000089144280) 
thrown [./open/src/hotspot/share/interpreter/linkResolver.cpp, line 782]
Event: 2.434 Thread 0x00000118b8d74570 Exception <a 'sun/nio/fs/WindowsException'{0x000000008a157a30}> (0x000000008a157a30) 
thrown [./open/src/hotspot/share/prims/jni.cpp, line 578]
Event: 2.447 Thread 0x00000118b8d74570 Exception <a 'java/lang/NoSuchMethodError'{0x000000008a17a2b0}: 'int java.lang.invoke.DirectMethodHandle$Holder.invokeStaticInit(java.lang.Object, java.lang.Object, java.lang.Object, java.lang.Object)'> (0x000000008a17a2b0) 
thrown [./open/src/hotspot/share/interpreter/linkResolver.cpp, line 782]
Event: 2.705 Thread 0x00000118b8d74570 Exception <a 'java/lang/NoSuchMethodError'{0x0000000083a89590}: 'java.lang.Object java.lang.invoke.DirectMethodHandle$Holder.invokeInterface(java.lang.Object, java.lang.Object, java.lang.Object)'> (0x0000000083a89590) 
thrown [./open/src/hotspot/share/interpreter/linkResolver.cpp, line 782]
Event: 2.705 Thread 0x00000118b8d74570 Exception <a 'java/lang/IncompatibleClassChangeError'{0x0000000083a8d0d0}: Found class java.lang.Object, but interface was expected> (0x0000000083a8d0d0) 
thrown [./open/src/hotspot/share/interpreter/linkResolver.cpp, line 848]
Event: 2.706 Thread 0x00000118b8d74570 Exception <a 'java/lang/NoSuchMethodError'{0x0000000083a95d90}: 'int java.lang.invoke.DirectMethodHandle$Holder.invokeSpecialIFC(java.lang.Object, java.lang.Object, java.lang.Object, java.lang.Object)'> (0x0000000083a95d90) 
thrown [./open/src/hotspot/share/interpreter/linkResolver.cpp, line 782]
Event: 2.709 Thread 0x00000118b8d74570 Exception <a 'java/lang/NoSuchMethodError'{0x0000000083abce70}: 'java.lang.Object java.lang.invoke.DirectMethodHandle$Holder.invokeVirtual(java.lang.Object, java.lang.Object, java.lang.Object, java.lang.Object)'> (0x0000000083abce70) 
thrown [./open/src/hotspot/share/interpreter/linkResolver.cpp, line 782]
Event: 3.313 Thread 0x00000118b8d74570 Exception <a 'java/lang/NoSuchMethodError'{0x0000000083890a40}: 'java.lang.Object java.lang.invoke.DirectMethodHandle$Holder.newInvokeSpecial(java.lang.Object, java.lang.Object, int, int)'> (0x0000000083890a40) 
thrown [./open/src/hotspot/share/interpreter/linkResolver.cpp, line 782]
Event: 3.314 Thread 0x00000118b8d74570 Exception <a 'java/lang/NoSuchMethodError'{0x000000008389bc90}: 'void java.lang.invoke.DirectMethodHandle$Holder.invokeStatic(java.lang.Object, java.lang.Object, int)'> (0x000000008389bc90) 
thrown [./open/src/hotspot/share/interpreter/linkResolver.cpp, line 782]
Event: 3.324 Thread 0x00000118b8d74570 Exception <a 'java/lang/NoSuchMethodError'{0x00000000837129b8}: 'java.lang.Object java.lang.invoke.DirectMethodHandle$Holder.newInvokeSpecial(java.lang.Object, java.lang.Object, java.lang.Object, java.lang.Object, java.lang.Object)'> (0x00000000837129b8) 
thrown [./open/src/hotspot/share/interpreter/linkResolver.cpp, line 782]
Event: 3.367 Thread 0x00000118d5983470 Exception <a 'java/lang/NoSuchMethodError'{0x000000008353d8e8}: 'java.lang.Object java.lang.invoke.DirectMethodHandle$Holder.invokeSpecial(java.lang.Object, java.lang.Object, java.lang.Object, java.lang.Object, int)'> (0x000000008353d8e8) 
thrown [./open/src/hotspot/share/interpreter/linkResolver.cpp, line 782]
Event: 3.368 Thread 0x00000118d5983470 Exception <a 'java/lang/NoSuchMethodError'{0x00000000835416a8}: 'java.lang.Object java.lang.invoke.Invokers$Holder.linkToTargetMethod(java.lang.Object, java.lang.Object, int, java.lang.Object)'> (0x00000000835416a8) 
thrown [./open/src/hotspot/share/interpreter/linkResolver.cpp, line 782]
Event: 3.418 Thread 0x00000118d5983470 Exception <a 'java/lang/NoSuchMethodError'{0x0000000083491f78}: 'void java.lang.invoke.DirectMethodHandle$Holder.invokeSpecial(java.lang.Object, java.lang.Object, java.lang.Object, java.lang.Object, java.lang.Object)'> (0x0000000083491f78) 
thrown [./open/src/hotspot/share/interpreter/linkResolver.cpp, line 782]
Event: 4.360 Thread 0x00000118d5983470 Exception <a 'java/lang/NoSuchMethodError'{0x0000000083237680}: 'java.lang.Object java.lang.invoke.DirectMethodHandle$Holder.newInvokeSpecial(java.lang.Object, java.lang.Object, long, java.lang.Object, java.lang.Object, java.lang.Object)'> (0x0000000083237680) 
thrown [./open/src/hotspot/share/interpreter/linkResolver.cpp, line 782]
Event: 4.371 Thread 0x00000118d5983470 Exception <a 'java/lang/NoSuchMethodError'{0x000000008325e488}: 'void java.lang.invoke.DirectMethodHandle$Holder.invokeSpecial(java.lang.Object, java.lang.Object, java.lang.Object, java.lang.Object, java.lang.Object, java.lang.Object, java.lang.Object)'> (0x000000008325e488) 
thrown [./open/src/hotspot/share/interpreter/linkResolver.cpp, line 782]
Event: 4.388 Thread 0x00000118b8d74570 Exception <a 'java/lang/NoSuchMethodError'{0x000000008310a3b0}: 'java.lang.Object java.lang.invoke.DirectMethodHandle$Holder.invokeSpecialIFC(java.lang.Object, java.lang.Object, java.lang.Object)'> (0x000000008310a3b0) 
thrown [./open/src/hotspot/share/interpreter/linkResolver.cpp, line 782]
Event: 5.424 Thread 0x00000118b8d74570 Exception <a 'java/lang/NoSuchMethodError'{0x0000000082b0ce08}: 'void java.lang.invoke.DirectMethodHandle$Holder.invokeStaticInit(java.lang.Object)'> (0x0000000082b0ce08) 
thrown [./open/src/hotspot/share/interpreter/linkResolver.cpp, line 782]
Event: 5.551 Thread 0x00000118b8d74570 Exception <a 'java/lang/NoSuchMethodError'{0x000000008a1a1bb8}: 'void java.lang.invoke.DelegatingMethodHandle$Holder.delegate(java.lang.Object, java.lang.Object, int, java.lang.Object)'> (0x000000008a1a1bb8) 
thrown [./open/src/hotspot/share/interpreter/linkResolver.cpp, line 782]

Events (20 events):
Event: 5.537 loading class java/lang/invoke/MethodHandleImpl$BindCaller
Event: 5.539 loading class java/lang/invoke/MethodHandleImpl$BindCaller done
Event: 5.539 loading class java/lang/invoke/MethodHandleImpl$BindCaller$1
Event: 5.539 loading class java/lang/invoke/MethodHandleImpl$BindCaller$1 done
Event: 5.541 loading class java/lang/invoke/MethodHandleImpl$LoopClauses
Event: 5.542 loading class java/lang/invoke/MethodHandleImpl$LoopClauses done
Event: 5.542 loading class java/lang/invoke/MethodHandleImpl$ArrayAccess
Event: 5.542 loading class java/lang/invoke/MethodHandleImpl$ArrayAccess done
Event: 5.543 loading class java/lang/invoke/MethodHandleImpl$2
Event: 5.543 loading class java/lang/invoke/MethodHandleImpl$2 done
Event: 5.543 loading class java/lang/invoke/MethodHandleImpl$ArrayAccessor
Event: 5.544 loading class java/lang/invoke/MethodHandleImpl$ArrayAccessor done
Event: 5.544 loading class java/lang/invoke/MethodHandleImpl$ArrayAccessor$1
Event: 5.545 loading class java/lang/invoke/MethodHandleImpl$ArrayAccessor$1 done
Event: 5.545 loading class java/lang/ClassValue$ClassValueMap
Event: 5.545 loading class java/lang/ClassValue$ClassValueMap done
Event: 5.546 Executing VM operation: HandshakeAllThreads
Event: 5.546 Executing VM operation: HandshakeAllThreads done
Event: 5.560 loading class java/lang/invoke/MethodHandleImpl$WrappedMember
Event: 5.560 loading class java/lang/invoke/MethodHandleImpl$WrappedMember done


Dynamic libraries:
0x00007ff727a50000 - 0x00007ff727a5d000 	D:\Sandesh\eclipse\plugins\org.eclipse.justj.openjdk.hotspot.jre.full.win32.x86_64_15.0.2.v20210201-0955\jre\bin\javaw.exe
0x00007ffe79690000 - 0x00007ffe798a7000 	C:\WINDOWS\SYSTEM32\ntdll.dll
0x00007ffe77c00000 - 0x00007ffe77cc4000 	C:\WINDOWS\System32\KERNEL32.DLL
0x00007ffe76f60000 - 0x00007ffe7730c000 	C:\WINDOWS\System32\KERNELBASE.dll
0x00007ffe769f0000 - 0x00007ffe76b01000 	C:\WINDOWS\System32\ucrtbase.dll
0x00007ffe714c0000 - 0x00007ffe714d8000 	D:\Sandesh\eclipse\plugins\org.eclipse.justj.openjdk.hotspot.jre.full.win32.x86_64_15.0.2.v20210201-0955\jre\bin\jli.dll
0x00007ffe63570000 - 0x00007ffe63589000 	D:\Sandesh\eclipse\plugins\org.eclipse.justj.openjdk.hotspot.jre.full.win32.x86_64_15.0.2.v20210201-0955\jre\bin\VCRUNTIME140.dll
0x00007ffe78340000 - 0x00007ffe784ee000 	C:\WINDOWS\System32\USER32.dll
0x00007ffe769c0000 - 0x00007ffe769e6000 	C:\WINDOWS\System32\win32u.dll
0x00007ffe60340000 - 0x00007ffe605d3000 	C:\WINDOWS\WinSxS\amd64_microsoft.windows.common-controls_6595b64144ccf1df_6.0.22621.3672_none_2713b9d173822955\COMCTL32.dll
0x00007ffe79140000 - 0x00007ffe79169000 	C:\WINDOWS\System32\GDI32.dll
0x00007ffe77b50000 - 0x00007ffe77bf7000 	C:\WINDOWS\System32\msvcrt.dll
0x00007ffe76e40000 - 0x00007ffe76f59000 	C:\WINDOWS\System32\gdi32full.dll
0x00007ffe76da0000 - 0x00007ffe76e3a000 	C:\WINDOWS\System32\msvcp_win.dll
0x00007ffe773d0000 - 0x00007ffe77401000 	C:\WINDOWS\System32\IMM32.DLL
0x00007ffe72030000 - 0x00007ffe7203c000 	D:\Sandesh\eclipse\plugins\org.eclipse.justj.openjdk.hotspot.jre.full.win32.x86_64_15.0.2.v20210201-0955\jre\bin\vcruntime140_1.dll
0x00007ffe410f0000 - 0x00007ffe41181000 	D:\Sandesh\eclipse\plugins\org.eclipse.justj.openjdk.hotspot.jre.full.win32.x86_64_15.0.2.v20210201-0955\jre\bin\msvcp140.dll
0x00007ffdf74d0000 - 0x00007ffdf802e000 	D:\Sandesh\eclipse\plugins\org.eclipse.justj.openjdk.hotspot.jre.full.win32.x86_64_15.0.2.v20210201-0955\jre\bin\server\jvm.dll
0x00007ffe77a90000 - 0x00007ffe77b42000 	C:\WINDOWS\System32\ADVAPI32.dll
0x00007ffe784f0000 - 0x00007ffe7859a000 	C:\WINDOWS\System32\sechost.dll
0x00007ffe76cf0000 - 0x00007ffe76d18000 	C:\WINDOWS\System32\bcrypt.dll
0x00007ffe785a0000 - 0x00007ffe786b5000 	C:\WINDOWS\System32\RPCRT4.dll
0x00007ffe793d0000 - 0x00007ffe793d8000 	C:\WINDOWS\System32\PSAPI.DLL
0x00007ffe71280000 - 0x00007ffe712b4000 	C:\WINDOWS\SYSTEM32\WINMM.dll
0x00007ffe72550000 - 0x00007ffe72559000 	C:\WINDOWS\SYSTEM32\WSOCK32.dll
0x00007ffe6dd30000 - 0x00007ffe6dd3a000 	C:\WINDOWS\SYSTEM32\VERSION.dll
0x00007ffe79170000 - 0x00007ffe791e1000 	C:\WINDOWS\System32\WS2_32.dll
0x00007ffe759f0000 - 0x00007ffe75a08000 	C:\WINDOWS\SYSTEM32\kernel.appcore.dll
0x00007ffe6de70000 - 0x00007ffe6de7a000 	D:\Sandesh\eclipse\plugins\org.eclipse.justj.openjdk.hotspot.jre.full.win32.x86_64_15.0.2.v20210201-0955\jre\bin\jimage.dll
0x00007ffe74210000 - 0x00007ffe74442000 	C:\WINDOWS\SYSTEM32\DBGHELP.DLL
0x00007ffe776a0000 - 0x00007ffe77a28000 	C:\WINDOWS\System32\combase.dll
0x00007ffe79570000 - 0x00007ffe79647000 	C:\WINDOWS\System32\OLEAUT32.dll
0x00007ffe4a550000 - 0x00007ffe4a582000 	C:\WINDOWS\SYSTEM32\dbgcore.DLL
0x00007ffe76d20000 - 0x00007ffe76d9b000 	C:\WINDOWS\System32\bcryptPrimitives.dll
0x00007ffe6b3b0000 - 0x00007ffe6b3d5000 	D:\Sandesh\eclipse\plugins\org.eclipse.justj.openjdk.hotspot.jre.full.win32.x86_64_15.0.2.v20210201-0955\jre\bin\java.dll
0x00007ffe6c390000 - 0x00007ffe6c3a8000 	D:\Sandesh\eclipse\plugins\org.eclipse.justj.openjdk.hotspot.jre.full.win32.x86_64_15.0.2.v20210201-0955\jre\bin\zip.dll
0x00007ffe788e0000 - 0x00007ffe7913c000 	C:\WINDOWS\System32\SHELL32.dll
0x00007ffe74910000 - 0x00007ffe75207000 	C:\WINDOWS\SYSTEM32\windows.storage.dll
0x00007ffe747d0000 - 0x00007ffe7490f000 	C:\WINDOWS\SYSTEM32\wintypes.dll
0x00007ffe792d0000 - 0x00007ffe793c4000 	C:\WINDOWS\System32\SHCORE.dll
0x00007ffe79270000 - 0x00007ffe792ce000 	C:\WINDOWS\System32\shlwapi.dll
0x00007ffe768f0000 - 0x00007ffe76911000 	C:\WINDOWS\SYSTEM32\profapi.dll
0x00007ffe6c060000 - 0x00007ffe6c079000 	D:\Sandesh\eclipse\plugins\org.eclipse.justj.openjdk.hotspot.jre.full.win32.x86_64_15.0.2.v20210201-0955\jre\bin\net.dll
0x00007ffe717a0000 - 0x00007ffe718d6000 	C:\WINDOWS\SYSTEM32\WINHTTP.dll
0x00007ffe75e60000 - 0x00007ffe75ec9000 	C:\WINDOWS\system32\mswsock.dll
0x00007ffe6bd40000 - 0x00007ffe6bd52000 	D:\Sandesh\eclipse\plugins\org.eclipse.justj.openjdk.hotspot.jre.full.win32.x86_64_15.0.2.v20210201-0955\jre\bin\nio.dll
0x00007ffe754e0000 - 0x00007ffe755d8000 	C:\WINDOWS\SYSTEM32\DNSAPI.dll
0x00007ffe75470000 - 0x00007ffe7549d000 	C:\WINDOWS\SYSTEM32\IPHLPAPI.DLL
0x00007ffe78330000 - 0x00007ffe78339000 	C:\WINDOWS\System32\NSI.dll
0x00007ffe6dfb0000 - 0x00007ffe6dfba000 	C:\Windows\System32\rasadhlp.dll
0x00007ffe6ea50000 - 0x00007ffe6ead3000 	C:\WINDOWS\System32\fwpuclnt.dll
0x00007ffe760d0000 - 0x00007ffe760eb000 	C:\WINDOWS\SYSTEM32\CRYPTSP.dll
0x00007ffe75950000 - 0x00007ffe75985000 	C:\WINDOWS\system32\rsaenh.dll
0x00007ffe75f60000 - 0x00007ffe75f88000 	C:\WINDOWS\SYSTEM32\USERENV.dll
0x00007ffe760c0000 - 0x00007ffe760cc000 	C:\WINDOWS\SYSTEM32\CRYPTBASE.dll
0x00007ffe71760000 - 0x00007ffe71779000 	C:\WINDOWS\SYSTEM32\dhcpcsvc6.DLL
0x00007ffe71740000 - 0x00007ffe7175f000 	C:\WINDOWS\SYSTEM32\dhcpcsvc.DLL
0x00007ffe6d660000 - 0x00007ffe6d670000 	D:\Sandesh\eclipse\plugins\org.eclipse.justj.openjdk.hotspot.jre.full.win32.x86_64_15.0.2.v20210201-0955\jre\bin\verify.dll
0x00007ffe6d0d0000 - 0x00007ffe6d0dd000 	D:\Sandesh\eclipse\plugins\org.eclipse.justj.openjdk.hotspot.jre.full.win32.x86_64_15.0.2.v20210201-0955\jre\bin\sunmscapi.dll
0x00007ffe76b10000 - 0x00007ffe76c77000 	C:\WINDOWS\System32\CRYPT32.dll
0x00007ffe76280000 - 0x00007ffe762ae000 	C:\WINDOWS\SYSTEM32\ncrypt.dll
0x00007ffe76240000 - 0x00007ffe76277000 	C:\WINDOWS\SYSTEM32\NTASN1.dll

dbghelp: loaded successfully - version: 4.0.5 - missing functions: none
symbol engine: initialized successfully - sym options: 0x614 - pdb path: .;D:\Sandesh\eclipse\plugins\org.eclipse.justj.openjdk.hotspot.jre.full.win32.x86_64_15.0.2.v20210201-0955\jre\bin;C:\WINDOWS\SYSTEM32;C:\WINDOWS\WinSxS\amd64_microsoft.windows.common-controls_6595b64144ccf1df_6.0.22621.3672_none_2713b9d173822955;D:\Sandesh\eclipse\plugins\org.eclipse.justj.openjdk.hotspot.jre.full.win32.x86_64_15.0.2.v20210201-0955\jre\bin\server

VM Arguments:
jvm_args: -ea -Dfile.encoding=Cp1252 -XX:+ShowCodeDetailsInExceptionMessages 
java_command: org.testng.remote.RemoteTestNG -serport 64187 -protocol json -d C:\Users\sagar\git\b103demo\test-output C:\Users\sagar\AppData\Local\Temp\testng-eclipse-1273467928\testng-customsuite.xml
java_class_path (initial): D:\Sandesh\eclipse\configuration\org.eclipse.osgi\444\0\.cp\lib\testng-remote.jar;C:\Users\sagar\git\b103demo\target\test-classes;C:\Users\sagar\git\b103demo\target\classes;D:\Sandesh\eclipse\plugins\org.testng_7.4.0.r202105021533.jar;D:\Sandesh\eclipse\plugins\com.beust.jcommander_1.78.0.jar;D:\Sandesh\eclipse\plugins\org.apache-extras.beanshell.bsh_2.0.0.b6.jar;D:\Sandesh\eclipse\plugins\org.yaml.snakeyaml_1.21.0.jar;D:\Sandesh\eclipse\plugins\org.webjars.jquery_3.5.1.jar;C:\Users\sagar\.m2\repository\com\aventstack\extentreports\5.1.2\extentreports-5.1.2.jar;C:\Users\sagar\.m2\repository\io\reactivex\rxjava3\rxjava\3.1.6\rxjava-3.1.6.jar;C:\Users\sagar\.m2\repository\org\reactivestreams\reactive-streams\1.0.4\reactive-streams-1.0.4.jar;C:\Users\sagar\.m2\repository\org\freemarker\freemarker\2.3.32\freemarker-2.3.32.jar;C:\Users\sagar\.m2\repository\org\projectlombok\lombok\1.18.26\lombok-1.18.26.jar;C:\Users\sagar\.m2\repository\com\google\code\gson\gson\2.10.1\gson-2.10.1.jar;C:\Users\sagar\.m2\repository\org\seleniumhq\selenium\selenium-java\4.22.0\selenium-java-4.22.0.jar;C:\Users\sagar\.m2\repository\org\seleniumhq\selenium\selenium-api\4.22.0\selenium-api-4.22.0.jar;C:\Users\sagar\.m2\repository\org\seleniumhq\selenium\selenium-chrome-driver\4.22.0\selenium-chrome-driver-4.22.0.jar;C:\Users\sagar\.m2\repository\com\google\auto\service\auto-service-annotations\1.1.1\auto-service-annotations-1.1.1.jar;C:\Users\sagar\.m2\repository\org\seleniumhq\selenium\selenium-chromium-driver\4.22.0\selenium-chromium-driver-4.22.0.jar;C:\Users\sagar\.m2\repository\org\seleniumhq\selenium\selenium-json\4.22.0\selenium-json-4.22.0.jar;C:\Users\sagar\.m2\repository\org\seleniumhq\selenium\selenium-manager\4.22.0\selenium-manager-4.22.0.jar;C:\Users\sagar\.m2\repository\org\seleniumhq\selenium\selenium-devtools-v124\4.22.0\selenium-devtools-v124-4.22.0.jar;C:\Users\sagar\.m2\repository\org\seleniumhq\selenium\selenium-devtools-v125\4.22.0\selenium-d
Launcher Type: SUN_STANDARD

[Global flags]
     intx CICompilerCount                          = 4                                         {product} {ergonomic}
     uint ConcGCThreads                            = 2                                         {product} {ergonomic}
     uint G1ConcRefinementThreads                  = 8                                         {product} {ergonomic}
   size_t G1HeapRegionSize                         = 1048576                                   {product} {ergonomic}
    uintx GCDrainStackTargetSize                   = 64                                        {product} {ergonomic}
   size_t InitialHeapSize                          = 132120576                                 {product} {ergonomic}
   size_t MarkStackSize                            = 4194304                                   {product} {ergonomic}
   size_t MaxHeapSize                              = 2109734912                                {product} {ergonomic}
   size_t MaxNewSize                               = 1265631232                                {product} {ergonomic}
   size_t MinHeapDeltaBytes                        = 1048576                                   {product} {ergonomic}
   size_t MinHeapSize                              = 8388608                                   {product} {ergonomic}
    uintx NonNMethodCodeHeapSize                   = 5839372                                {pd product} {ergonomic}
    uintx NonProfiledCodeHeapSize                  = 122909434                              {pd product} {ergonomic}
    uintx ProfiledCodeHeapSize                     = 122909434                              {pd product} {ergonomic}
    uintx ReservedCodeCacheSize                    = 251658240                              {pd product} {ergonomic}
     bool SegmentedCodeCache                       = true                                      {product} {ergonomic}
     bool ShowCodeDetailsInExceptionMessages       = true                                   {manageable} {command line}
   size_t SoftMaxHeapSize                          = 2109734912                             {manageable} {ergonomic}
     bool UseCompressedClassPointers               = true                                 {lp64_product} {ergonomic}
     bool UseCompressedOops                        = true                                 {lp64_product} {ergonomic}
     bool UseG1GC                                  = true                                      {product} {ergonomic}
     bool UseLargePagesIndividualAllocation        = false                                  {pd product} {ergonomic}

Logging:
Log output configuration:
 #0: stdout all=warning uptime,level,tags
 #1: stderr all=off uptime,level,tags

Environment Variables:
JAVA_HOME=C:\Program Files\Java\jdk-11.0.11
PATH=D:/Sandesh/eclipse//plugins/org.eclipse.justj.openjdk.hotspot.jre.full.win32.x86_64_15.0.2.v20210201-0955/jre/bin/server;D:/Sandesh/eclipse//plugins/org.eclipse.justj.openjdk.hotspot.jre.full.win32.x86_64_15.0.2.v20210201-0955/jre/bin;C:\Program Files\Java\jdk-22\bin;C:\Users\sagar\jlib;C:\Users\sagar\bin;C:\Users\sagar\jre\1.4.2\bin\client;C:\Users\sagar\jre\1.4.2\bin;C:\Program Files\Common Files\Oracle\Java\javapath;C:\WINDOWS\system32;C:\WINDOWS;C:\WINDOWS\System32\Wbem;C:\WINDOWS\System32\WindowsPowerShell\v1.0\;C:\WINDOWS\System32\OpenSSH\;C:\Program Files\Intel\WiFi\bin\;C:\Program Files\Common Files\Intel\WirelessCommon\;C:\Program Files\Java\jdk-11.0.11\bin;D:\Sandesh\apache-maven-3.8.1\bin;C:\Users\sagar\jdk\jre\bin\classic;C:\Program Files\Git\cmd;C:\Program Files\Java\jdk-22\bin;C:\Users\sagar\AppData\Local\Microsoft\WindowsApps;;D:\Sandesh\eclipse;
USERNAME=sagar
OS=Windows_NT
PROCESSOR_IDENTIFIER=Intel64 Family 6 Model 142 Stepping 12, GenuineIntel



---------------  S Y S T E M  ---------------

OS:
 Windows 10 , 64 bit Build 22621 (10.0.22621.3672)
OS uptime: 13 days 0:42 hours

CPU: total 8 (initial active 8) (4 cores per cpu, 2 threads per core) family 6 model 142 stepping 12 microcode 0xde, cmov, cx8, fxsr, mmx, sse, sse2, sse3, ssse3, sse4.1, sse4.2, popcnt, vzeroupper, avx, avx2, aes, clmul, erms, 3dnowpref, lzcnt, ht, tsc, tscinvbit, bmi1, bmi2, adx, fma, clflush, clflushopt

Memory: 4k page, system-wide physical 8043M (498M free)
TotalPageFile size 10091M (AvailPageFile size 3M)
current process WorkingSet (physical memory assigned to process): 126M, peak: 128M
current process commit charge ("private bytes"): 162M, peak: 255M

vm_info: OpenJDK 64-Bit Server VM (15.0.2+7-27) for windows-amd64 JRE (15.0.2+7-27), built on Dec  7 2020 20:02:38 by "mach5one" with unknown MS VC++:1925

END.
